2026-01-17 23:32:39,448 - vnstock_crawler - INFO - Starting debug sync for FOX...
2026-01-17 23:44:51,731 - vnstock_crawler - INFO - Syncing company data for FOX...
2026-01-17 23:44:52,519 - vnstock_crawler - ERROR - Error fetching profile for FOX: 'Company' object has no attribute 'profile'
2026-01-17 23:44:53,140 - vnstock_crawler - ERROR - Error fetching shareholders for FOX: 'str' object has no attribute 'get'
2026-01-17 23:44:53,467 - vnstock_crawler - ERROR - Error fetching officers for FOX: 'str' object has no attribute 'get'
2026-01-17 23:44:53,467 - vnstock_crawler - INFO - Done.
2026-01-17 23:46:57,556 - vnstock_crawler - INFO - Syncing company data for FOX...
2026-01-17 23:46:59,974 - vnstock_crawler - ERROR - Error fetching shareholders for FOX: The truth value of a DataFrame is ambiguous. Use a.empty, a.bool(), a.item(), a.any() or a.all().
2026-01-17 23:47:00,410 - vnstock_crawler - ERROR - Error fetching officers for FOX: The truth value of a DataFrame is ambiguous. Use a.empty, a.bool(), a.item(), a.any() or a.all().
2026-01-17 23:47:00,410 - vnstock_crawler - INFO - Done.
2026-01-17 23:48:13,680 - vnstock_crawler - INFO - Syncing company data for FOX...
2026-01-17 23:48:16,440 - vnstock_crawler - INFO - Done.
2026-01-17 23:49:13,624 - vnstock_crawler - INFO - Syncing company data for FOX...
2026-01-17 23:54:52,817 - vnstock_crawler - INFO - Syncing company data for FOX...
2026-01-17 23:54:58,207 - vnstock_crawler - ERROR - Error fetching profile for FOX: RetryError[<Future at 0x73cc5c3156d0 state=finished raised ConnectionError>]
2026-01-17 23:55:03,427 - vnstock_crawler - ERROR - Error fetching shareholders for FOX: RetryError[<Future at 0x73cc5c3163c0 state=finished raised ConnectionError>]
2026-01-17 23:55:08,494 - vnstock_crawler - ERROR - Error fetching officers for FOX: RetryError[<Future at 0x73cc5c316f00 state=finished raised ConnectionError>]
2026-01-17 23:55:08,494 - vnstock_crawler - INFO - Done.
2026-01-17 23:55:29,680 - vnstock_crawler - INFO - Syncing company data for FOX...
2026-01-17 23:55:29,681 - vnstock_crawler - ERROR - Error fetching profile for FOX: Lớp Company chỉ nhận giá trị tham số source là 'VCI' hoặc 'TCBS'.
2026-01-17 23:55:34,362 - vnstock_crawler - ERROR - Error fetching shareholders for FOX: RetryError[<Future at 0x76357030a1b0 state=finished raised ConnectionError>]
2026-01-17 23:55:46,091 - vnstock_crawler - INFO - Syncing company data for FOX...
2026-01-17 23:55:52,793 - vnstock_crawler - ERROR - Error fetching profile for FOX: (psycopg2.errors.StringDataRightTruncation) value too long for type character varying(255)

[SQL: UPDATE company_profiles SET company_name=%(company_name)s, short_name=%(short_name)s, industry=%(industry)s, sector=%(sector)s, description=%(description)s, updated_at=now() WHERE company_profiles.id = %(company_profiles_id)s]
[parameters: {'company_name': 'Công ty Cổ phần Viễn thông FPT (FOX) có tiền thân là Trung Tâm Dữ liệu trực tuyến FPT, được thành lập vào năm 1997. Công ty hoạt động chính trong lĩn ... (641 characters truncated) ... re, Fsend, Mix166, Startalk (nền tảng truyền hình trực tuyến đầu tiên của Việt Nam). Ngày 13/01/2017, FOX chính thức giao dịch trên thị trường UPCOM.', 'short_name': 'Công ty Cổ phần Viễn thông FPT (FOX) có tiền thân là Trung Tâm Dữ liệu trực tuyến FPT, được thành lập vào năm 1997. Công ty hoạt động chính trong lĩn ... (641 characters truncated) ... re, Fsend, Mix166, Startalk (nền tảng truyền hình trực tuyến đầu tiên của Việt Nam). Ngày 13/01/2017, FOX chính thức giao dịch trên thị trường UPCOM.', 'industry': 'Viễn thông cố định', 'sector': 'Viễn thông', 'description': '{"symbol": "FOX", "id": "70026", "issue_share": 738763463, "history": " - Ng\\u00e0y 31/01/1997: Trung T\\u00e2m D\\u1eef li\\u1ec7u tr\\u1ef1c tuy\\ ... (4721 characters truncated) ... 00f4ng", "icb_name4": "Vi\\u1ec5n th\\u00f4ng c\\u1ed1 \\u0111\\u1ecbnh", "financial_ratio_issue_share": 738763463, "charter_capital": 7387634630000}', 'company_profiles_id': 1}]
(Background on this error at: https://sqlalche.me/e/20/9h9h)
2026-01-17 23:55:57,903 - vnstock_crawler - ERROR - Error fetching shareholders for FOX: RetryError[<Future at 0x714eb0239d00 state=finished raised ConnectionError>]
2026-01-17 23:56:03,126 - vnstock_crawler - ERROR - Error fetching officers for FOX: RetryError[<Future at 0x714eb023ade0 state=finished raised ConnectionError>]
2026-01-17 23:56:03,126 - vnstock_crawler - INFO - Done.
2026-01-17 23:58:08,246 - vnstock_crawler - INFO - Syncing company data for FOX...
2026-01-17 23:58:09,301 - vnstock_crawler - ERROR - Error fetching profile for FOX: (psycopg2.errors.StringDataRightTruncation) value too long for type character varying(255)

[SQL: UPDATE company_profiles SET company_name=%(company_name)s, short_name=%(short_name)s, industry=%(industry)s, sector=%(sector)s, description=%(description)s, updated_at=now() WHERE company_profiles.id = %(company_profiles_id)s]
[parameters: {'company_name': 'Công ty Cổ phần Viễn thông FPT (FOX) có tiền thân là Trung Tâm Dữ liệu trực tuyến FPT, được thành lập vào năm 1997. Công ty hoạt động chính trong lĩn ... (641 characters truncated) ... re, Fsend, Mix166, Startalk (nền tảng truyền hình trực tuyến đầu tiên của Việt Nam). Ngày 13/01/2017, FOX chính thức giao dịch trên thị trường UPCOM.', 'short_name': 'Công ty Cổ phần Viễn thông FPT (FOX) có tiền thân là Trung Tâm Dữ liệu trực tuyến FPT, được thành lập vào năm 1997. Công ty hoạt động chính trong lĩn ... (641 characters truncated) ... re, Fsend, Mix166, Startalk (nền tảng truyền hình trực tuyến đầu tiên của Việt Nam). Ngày 13/01/2017, FOX chính thức giao dịch trên thị trường UPCOM.', 'industry': 'Viễn thông cố định', 'sector': 'Viễn thông', 'description': '{"symbol": "FOX", "id": "70026", "issue_share": 738763463, "history": " - Ng\\u00e0y 31/01/1997: Trung T\\u00e2m D\\u1eef li\\u1ec7u tr\\u1ef1c tuy\\ ... (4721 characters truncated) ... 00f4ng", "icb_name4": "Vi\\u1ec5n th\\u00f4ng c\\u1ed1 \\u0111\\u1ecbnh", "financial_ratio_issue_share": 738763463, "charter_capital": 7387634630000}', 'company_profiles_id': 1}]
(Background on this error at: https://sqlalche.me/e/20/9h9h)
2026-01-17 23:58:09,450 - vnstock_crawler - ERROR - Error fetching shareholders for FOX: This Session's transaction has been rolled back due to a previous exception during flush. To begin a new transaction with this Session, first issue Session.rollback(). Original exception was: (psycopg2.errors.StringDataRightTruncation) value too long for type character varying(255)

[SQL: UPDATE company_profiles SET company_name=%(company_name)s, short_name=%(short_name)s, industry=%(industry)s, sector=%(sector)s, description=%(description)s, updated_at=now() WHERE company_profiles.id = %(company_profiles_id)s]
[parameters: {'company_name': 'Công ty Cổ phần Viễn thông FPT (FOX) có tiền thân là Trung Tâm Dữ liệu trực tuyến FPT, được thành lập vào năm 1997. Công ty hoạt động chính trong lĩn ... (641 characters truncated) ... re, Fsend, Mix166, Startalk (nền tảng truyền hình trực tuyến đầu tiên của Việt Nam). Ngày 13/01/2017, FOX chính thức giao dịch trên thị trường UPCOM.', 'short_name': 'Công ty Cổ phần Viễn thông FPT (FOX) có tiền thân là Trung Tâm Dữ liệu trực tuyến FPT, được thành lập vào năm 1997. Công ty hoạt động chính trong lĩn ... (641 characters truncated) ... re, Fsend, Mix166, Startalk (nền tảng truyền hình trực tuyến đầu tiên của Việt Nam). Ngày 13/01/2017, FOX chính thức giao dịch trên thị trường UPCOM.', 'industry': 'Viễn thông cố định', 'sector': 'Viễn thông', 'description': '{"symbol": "FOX", "id": "70026", "issue_share": 738763463, "history": " - Ng\\u00e0y 31/01/1997: Trung T\\u00e2m D\\u1eef li\\u1ec7u tr\\u1ef1c tuy\\ ... (4721 characters truncated) ... 00f4ng", "icb_name4": "Vi\\u1ec5n th\\u00f4ng c\\u1ed1 \\u0111\\u1ecbnh", "financial_ratio_issue_share": 738763463, "charter_capital": 7387634630000}', 'company_profiles_id': 1}]
(Background on this error at: https://sqlalche.me/e/20/9h9h) (Background on this error at: https://sqlalche.me/e/20/7s2a)
2026-01-17 23:58:09,684 - vnstock_crawler - ERROR - Error fetching officers for FOX: This Session's transaction has been rolled back due to a previous exception during flush. To begin a new transaction with this Session, first issue Session.rollback(). Original exception was: (psycopg2.errors.StringDataRightTruncation) value too long for type character varying(255)

[SQL: UPDATE company_profiles SET company_name=%(company_name)s, short_name=%(short_name)s, industry=%(industry)s, sector=%(sector)s, description=%(description)s, updated_at=now() WHERE company_profiles.id = %(company_profiles_id)s]
[parameters: {'company_name': 'Công ty Cổ phần Viễn thông FPT (FOX) có tiền thân là Trung Tâm Dữ liệu trực tuyến FPT, được thành lập vào năm 1997. Công ty hoạt động chính trong lĩn ... (641 characters truncated) ... re, Fsend, Mix166, Startalk (nền tảng truyền hình trực tuyến đầu tiên của Việt Nam). Ngày 13/01/2017, FOX chính thức giao dịch trên thị trường UPCOM.', 'short_name': 'Công ty Cổ phần Viễn thông FPT (FOX) có tiền thân là Trung Tâm Dữ liệu trực tuyến FPT, được thành lập vào năm 1997. Công ty hoạt động chính trong lĩn ... (641 characters truncated) ... re, Fsend, Mix166, Startalk (nền tảng truyền hình trực tuyến đầu tiên của Việt Nam). Ngày 13/01/2017, FOX chính thức giao dịch trên thị trường UPCOM.', 'industry': 'Viễn thông cố định', 'sector': 'Viễn thông', 'description': '{"symbol": "FOX", "id": "70026", "issue_share": 738763463, "history": " - Ng\\u00e0y 31/01/1997: Trung T\\u00e2m D\\u1eef li\\u1ec7u tr\\u1ef1c tuy\\ ... (4721 characters truncated) ... 00f4ng", "icb_name4": "Vi\\u1ec5n th\\u00f4ng c\\u1ed1 \\u0111\\u1ecbnh", "financial_ratio_issue_share": 738763463, "charter_capital": 7387634630000}', 'company_profiles_id': 1}]
(Background on this error at: https://sqlalche.me/e/20/9h9h) (Background on this error at: https://sqlalche.me/e/20/7s2a)
2026-01-17 23:58:09,686 - vnstock_crawler - INFO - Done.
2026-01-18 00:01:30,844 - vnstock_crawler - INFO - Syncing company data for FOX...
2026-01-18 00:01:31,634 - vnstock_crawler - ERROR - Error fetching profile for FOX: (psycopg2.errors.StringDataRightTruncation) value too long for type character varying(255)

[SQL: UPDATE company_profiles SET company_name=%(company_name)s, short_name=%(short_name)s, industry=%(industry)s, sector=%(sector)s, description=%(description)s, updated_at=now() WHERE company_profiles.id = %(company_profiles_id)s]
[parameters: {'company_name': 'Công ty Cổ phần Viễn thông FPT (FOX) có tiền thân là Trung Tâm Dữ liệu trực tuyến FPT, được thành lập vào năm 1997. Công ty hoạt động chính trong lĩn ... (641 characters truncated) ... re, Fsend, Mix166, Startalk (nền tảng truyền hình trực tuyến đầu tiên của Việt Nam). Ngày 13/01/2017, FOX chính thức giao dịch trên thị trường UPCOM.', 'short_name': 'Công ty Cổ phần Viễn thông FPT (FOX) có tiền thân là Trung Tâm Dữ liệu trực tuyến FPT, được thành lập vào năm 1997. Công ty hoạt động chính trong lĩn ... (641 characters truncated) ... re, Fsend, Mix166, Startalk (nền tảng truyền hình trực tuyến đầu tiên của Việt Nam). Ngày 13/01/2017, FOX chính thức giao dịch trên thị trường UPCOM.', 'industry': 'Viễn thông cố định', 'sector': 'Viễn thông', 'description': '{"symbol": "FOX", "id": "70026", "issue_share": 738763463, "history": " - Ng\\u00e0y 31/01/1997: Trung T\\u00e2m D\\u1eef li\\u1ec7u tr\\u1ef1c tuy\\ ... (4721 characters truncated) ... 00f4ng", "icb_name4": "Vi\\u1ec5n th\\u00f4ng c\\u1ed1 \\u0111\\u1ecbnh", "financial_ratio_issue_share": 738763463, "charter_capital": 7387634630000}', 'company_profiles_id': 1}]
(Background on this error at: https://sqlalche.me/e/20/9h9h)
2026-01-18 00:01:32,278 - vnstock_crawler - INFO - Done.
2026-01-18 00:05:29,718 - vnstock_crawler - INFO - Syncing company data for FOX...
2026-01-18 00:06:11,620 - vnstock_crawler - INFO - Done.
2026-01-18 00:07:28,773 - vnstock_crawler - INFO - Syncing company data for FOX...
2026-01-18 00:07:56,576 - vnstock_crawler - INFO - Done.
2026-01-18 00:12:55,156 - vnstock_crawler - INFO - Syncing events for FOX...
2026-01-18 00:13:01,027 - vnstock_crawler - ERROR - Error fetching events for FOX: 'StockComponents' object has no attribute 'events'
2026-01-18 00:13:01,027 - vnstock_crawler - INFO - Done.
2026-01-18 00:19:52,857 - vnstock_crawler - INFO - Syncing financial data for FOX...
2026-01-18 00:20:03,299 - vnstock_crawler - ERROR - Error fetching balance sheet for FOX: 'str' object has no attribute 'get'
2026-01-18 00:20:07,316 - vnstock_crawler - ERROR - Error fetching income statement for FOX: 'str' object has no attribute 'get'
2026-01-18 00:20:09,468 - vnstock_crawler - ERROR - Error fetching cash flow for FOX: 'str' object has no attribute 'get'
2026-01-18 00:20:10,622 - vnstock_crawler - ERROR - Error fetching ratios for FOX: 'Finance' object has no attribute 'ratios'
2026-01-18 00:20:10,622 - vnstock_crawler - INFO - Done.
2026-01-18 00:28:03,348 - vnstock_crawler - INFO - Syncing company data for FOX...
2026-01-18 00:28:03,784 - vnstock_crawler - INFO - Done.
2026-01-18 00:28:29,636 - vnstock_crawler - INFO - Syncing company data for FOX...
2026-01-18 00:28:30,441 - vnstock_crawler - INFO - Done.
2026-01-18 00:31:53,944 - vnstock_crawler - INFO - Syncing financial data for FOX...
2026-01-18 00:39:01,453 - vnstock_crawler - INFO - Syncing financial data for FOX...
2026-01-18 00:39:13,280 - vnstock_crawler - ERROR - Error fetching balance sheet for FOX: 'str' object has no attribute 'get'
2026-01-18 00:39:14,872 - vnstock_crawler - ERROR - Error fetching income statement for FOX: 'str' object has no attribute 'get'
2026-01-18 00:39:15,968 - vnstock_crawler - ERROR - Error fetching cash flow for FOX: 'str' object has no attribute 'get'
2026-01-18 00:39:16,649 - vnstock_crawler - ERROR - Error fetching ratios for FOX: 'Finance' object has no attribute 'ratios'
2026-01-18 00:39:16,649 - vnstock_crawler - INFO - Done.
2026-01-18 00:40:29,456 - vnstock_crawler - INFO - Syncing financial data for FOX...
2026-01-18 00:40:31,186 - vnstock_crawler - ERROR - Error fetching income statement for FOX: 'str' object has no attribute 'get'
2026-01-18 00:40:31,809 - vnstock_crawler - ERROR - Error fetching cash flow for FOX: 'str' object has no attribute 'get'
2026-01-18 00:40:33,950 - vnstock_crawler - ERROR - Error fetching ratios for FOX: 'Finance' object has no attribute 'ratios'
2026-01-18 00:40:33,951 - vnstock_crawler - INFO - Done.
2026-01-18 00:40:54,998 - vnstock_crawler - INFO - Syncing financial data for FOX...
2026-01-18 00:40:59,526 - vnstock_crawler - ERROR - Error fetching ratios for FOX: keys must be str, int, float, bool or None, not tuple
2026-01-18 00:40:59,527 - vnstock_crawler - INFO - Done.
2026-01-18 00:41:44,127 - vnstock_crawler - INFO - Syncing financial data for FOX...
2026-01-18 00:41:47,827 - vnstock_crawler - INFO - Done.
2026-01-18 01:21:52,248 - vnstock_crawler - INFO - Syncing news for FOX...
2026-01-18 01:22:04,049 - vnstock_crawler - INFO - Done.
2026-01-18 01:22:32,647 - vnstock_crawler - INFO - Syncing news for FOX...
2026-01-18 01:26:43,654 - vnstock_crawler - INFO - Done.
2026-01-18 01:30:21,742 - vnstock_crawler - INFO - Syncing news for FOX...
2026-01-18 01:32:38,593 - vnstock_crawler - INFO - Done.
2026-01-18 01:33:39,396 - vnstock_crawler - INFO - Syncing news for FOX...
2026-01-18 01:33:39,979 - vnstock_crawler - INFO - Done.
2026-01-18 01:35:19,547 - vnstock_crawler - INFO - Syncing news for FOX...
2026-01-18 01:35:19,940 - vnstock_crawler - INFO - Done.
2026-01-21 10:27:56,854 - vnstock_crawler - WARNING - Error while fetching profile for FOX from Cafef: Page.query_selector_all() got an unexpected keyword argument 'class_'
2026-01-21 11:01:34,983 - vnstock_crawler - ERROR - API Error with key: 400 API key not valid. Please pass a valid API key. [reason: "API_KEY_INVALID"
domain: "googleapis.c
2026-01-21 11:01:38,156 - vnstock_crawler - ERROR - API Error with key: 400 API key not valid. Please pass a valid API key. [reason: "API_KEY_INVALID"
domain: "googleapis.c
2026-01-21 11:01:41,012 - vnstock_crawler - ERROR - API Error with key: 400 API key not valid. Please pass a valid API key. [reason: "API_KEY_INVALID"
domain: "googleapis.c
2026-01-21 11:01:51,047 - vnstock_crawler - ERROR - API Error with key: 400 API key not valid. Please pass a valid API key. [reason: "API_KEY_INVALID"
domain: "googleapis.c
2026-01-21 11:07:45,975 - vnstock_crawler - ERROR - Format error: Expecting value: line 1 column 2 (char 1). Retrying...
2026-01-21 11:17:51,088 - vnstock_crawler - ERROR - API Error with key: module 'google.genai.types' has no attribute 'TextPrompt'
2026-01-21 11:17:53,133 - vnstock_crawler - ERROR - API Error with key: module 'google.genai.types' has no attribute 'TextPrompt'
2026-01-21 11:17:55,165 - vnstock_crawler - ERROR - API Error with key: module 'google.genai.types' has no attribute 'TextPrompt'
2026-01-21 11:17:59,210 - vnstock_crawler - ERROR - API Error with key: module 'google.genai.types' has no attribute 'TextPrompt'
2026-01-21 11:18:45,899 - vnstock_crawler - ERROR - API Error with key: Models.generate_content() got an unexpected keyword argument 'prompt'
2026-01-21 11:18:47,932 - vnstock_crawler - ERROR - API Error with key: Models.generate_content() got an unexpected keyword argument 'prompt'
2026-01-21 11:18:49,964 - vnstock_crawler - ERROR - API Error with key: Models.generate_content() got an unexpected keyword argument 'prompt'
2026-01-21 11:19:21,520 - vnstock_crawler - ERROR - API Error with key: Models.generate_content() got an unexpected keyword argument 'temperature'
2026-01-21 11:19:23,565 - vnstock_crawler - ERROR - API Error with key: Models.generate_content() got an unexpected keyword argument 'temperature'
2026-01-21 11:19:25,610 - vnstock_crawler - ERROR - API Error with key: Models.generate_content() got an unexpected keyword argument 'temperature'
2026-01-21 11:20:03,686 - vnstock_crawler - ERROR - Format error: Extra data: line 42 column 1 (char 1091). Retrying...
2026-01-21 11:23:13,554 - vnstock_crawler - ERROR - Format error: Extra data: line 30 column 1 (char 754). Retrying...
2026-01-21 13:37:20,712 - vnstock_crawler - WARNING - Error while fetching profile for NTL from Cafef: Locator.click: Timeout 15000ms exceeded.
Call log:
  - waiting for locator("a.info-menu-item").filter(has_text=re.compile(r"Khối ngoại"))

2026-01-21 13:42:45,529 - vnstock_crawler - ERROR - Error in _save_company_data: (psycopg2.errors.UniqueViolation) duplicate key value violates unique constraint "company_profiles_symbol_key"
DETAIL:  Key (symbol)=(NTL) already exists.

[SQL: INSERT INTO company_profiles (symbol, company_name, short_name, industry, sector, country, website, description, updated_at) VALUES (%(symbol)s, %(company_name)s, %(short_name)s, %(industry)s, %(sector)s, %(country)s, %(website)s, %(description)s, %(updated_at)s) RETURNING company_profiles.id, company_profiles.created_at]
[parameters: {'symbol': 'NTL', 'company_name': 'Công ty Cổ phần Phát triển Đô thị Từ Liêm', 'short_name': 'Nhà Từ Liêm', 'industry': 'Bất động sản và Xây dựng', 'sector': 'Phát triển bất động sản', 'country': 'Việt Nam', 'website': 'http://www.lideco.vn', 'description': 'Công ty Cổ phần Phát triển Đô thị Từ Liêm tiền thân là Xí nghiệp Xây dựng Từ Liêm được thành lập từ năm 1974. Năm 1992 phát triển thành một doanh ngh ... (1343 characters truncated) ... m biến áp đến 35KV; Thiết kế hệ thống điện công trình dân dụng, công nghiệp và điều khiển tín hiệu giao thông; Kinh doanh sàn giao dịch bất động sản.', 'updated_at': None}]
(Background on this error at: https://sqlalche.me/e/20/gkpj)
2026-01-21 13:42:45,530 - vnstock_crawler - ERROR - Error in _save_balance_sheets: This Session's transaction has been rolled back due to a previous exception during flush. To begin a new transaction with this Session, first issue Session.rollback(). Original exception was: (psycopg2.errors.UniqueViolation) duplicate key value violates unique constraint "company_profiles_symbol_key"
DETAIL:  Key (symbol)=(NTL) already exists.

[SQL: INSERT INTO company_profiles (symbol, company_name, short_name, industry, sector, country, website, description, updated_at) VALUES (%(symbol)s, %(company_name)s, %(short_name)s, %(industry)s, %(sector)s, %(country)s, %(website)s, %(description)s, %(updated_at)s) RETURNING company_profiles.id, company_profiles.created_at]
[parameters: {'symbol': 'NTL', 'company_name': 'Công ty Cổ phần Phát triển Đô thị Từ Liêm', 'short_name': 'Nhà Từ Liêm', 'industry': 'Bất động sản và Xây dựng', 'sector': 'Phát triển bất động sản', 'country': 'Việt Nam', 'website': 'http://www.lideco.vn', 'description': 'Công ty Cổ phần Phát triển Đô thị Từ Liêm tiền thân là Xí nghiệp Xây dựng Từ Liêm được thành lập từ năm 1974. Năm 1992 phát triển thành một doanh ngh ... (1343 characters truncated) ... m biến áp đến 35KV; Thiết kế hệ thống điện công trình dân dụng, công nghiệp và điều khiển tín hiệu giao thông; Kinh doanh sàn giao dịch bất động sản.', 'updated_at': None}]
(Background on this error at: https://sqlalche.me/e/20/gkpj) (Background on this error at: https://sqlalche.me/e/20/7s2a)
2026-01-21 13:42:45,531 - vnstock_crawler - ERROR - Error in _save_income_statements: This Session's transaction has been rolled back due to a previous exception during flush. To begin a new transaction with this Session, first issue Session.rollback(). Original exception was: (psycopg2.errors.UniqueViolation) duplicate key value violates unique constraint "company_profiles_symbol_key"
DETAIL:  Key (symbol)=(NTL) already exists.

[SQL: INSERT INTO company_profiles (symbol, company_name, short_name, industry, sector, country, website, description, updated_at) VALUES (%(symbol)s, %(company_name)s, %(short_name)s, %(industry)s, %(sector)s, %(country)s, %(website)s, %(description)s, %(updated_at)s) RETURNING company_profiles.id, company_profiles.created_at]
[parameters: {'symbol': 'NTL', 'company_name': 'Công ty Cổ phần Phát triển Đô thị Từ Liêm', 'short_name': 'Nhà Từ Liêm', 'industry': 'Bất động sản và Xây dựng', 'sector': 'Phát triển bất động sản', 'country': 'Việt Nam', 'website': 'http://www.lideco.vn', 'description': 'Công ty Cổ phần Phát triển Đô thị Từ Liêm tiền thân là Xí nghiệp Xây dựng Từ Liêm được thành lập từ năm 1974. Năm 1992 phát triển thành một doanh ngh ... (1343 characters truncated) ... m biến áp đến 35KV; Thiết kế hệ thống điện công trình dân dụng, công nghiệp và điều khiển tín hiệu giao thông; Kinh doanh sàn giao dịch bất động sản.', 'updated_at': None}]
(Background on this error at: https://sqlalche.me/e/20/gkpj) (Background on this error at: https://sqlalche.me/e/20/7s2a)
2026-01-21 13:42:45,531 - vnstock_crawler - ERROR - Error in _save_officers: This Session's transaction has been rolled back due to a previous exception during flush. To begin a new transaction with this Session, first issue Session.rollback(). Original exception was: (psycopg2.errors.UniqueViolation) duplicate key value violates unique constraint "company_profiles_symbol_key"
DETAIL:  Key (symbol)=(NTL) already exists.

[SQL: INSERT INTO company_profiles (symbol, company_name, short_name, industry, sector, country, website, description, updated_at) VALUES (%(symbol)s, %(company_name)s, %(short_name)s, %(industry)s, %(sector)s, %(country)s, %(website)s, %(description)s, %(updated_at)s) RETURNING company_profiles.id, company_profiles.created_at]
[parameters: {'symbol': 'NTL', 'company_name': 'Công ty Cổ phần Phát triển Đô thị Từ Liêm', 'short_name': 'Nhà Từ Liêm', 'industry': 'Bất động sản và Xây dựng', 'sector': 'Phát triển bất động sản', 'country': 'Việt Nam', 'website': 'http://www.lideco.vn', 'description': 'Công ty Cổ phần Phát triển Đô thị Từ Liêm tiền thân là Xí nghiệp Xây dựng Từ Liêm được thành lập từ năm 1974. Năm 1992 phát triển thành một doanh ngh ... (1343 characters truncated) ... m biến áp đến 35KV; Thiết kế hệ thống điện công trình dân dụng, công nghiệp và điều khiển tín hiệu giao thông; Kinh doanh sàn giao dịch bất động sản.', 'updated_at': None}]
(Background on this error at: https://sqlalche.me/e/20/gkpj) (Background on this error at: https://sqlalche.me/e/20/7s2a)
2026-01-21 13:42:45,531 - vnstock_crawler - ERROR - Error in _save_ratios: This Session's transaction has been rolled back due to a previous exception during flush. To begin a new transaction with this Session, first issue Session.rollback(). Original exception was: (psycopg2.errors.UniqueViolation) duplicate key value violates unique constraint "company_profiles_symbol_key"
DETAIL:  Key (symbol)=(NTL) already exists.

[SQL: INSERT INTO company_profiles (symbol, company_name, short_name, industry, sector, country, website, description, updated_at) VALUES (%(symbol)s, %(company_name)s, %(short_name)s, %(industry)s, %(sector)s, %(country)s, %(website)s, %(description)s, %(updated_at)s) RETURNING company_profiles.id, company_profiles.created_at]
[parameters: {'symbol': 'NTL', 'company_name': 'Công ty Cổ phần Phát triển Đô thị Từ Liêm', 'short_name': 'Nhà Từ Liêm', 'industry': 'Bất động sản và Xây dựng', 'sector': 'Phát triển bất động sản', 'country': 'Việt Nam', 'website': 'http://www.lideco.vn', 'description': 'Công ty Cổ phần Phát triển Đô thị Từ Liêm tiền thân là Xí nghiệp Xây dựng Từ Liêm được thành lập từ năm 1974. Năm 1992 phát triển thành một doanh ngh ... (1343 characters truncated) ... m biến áp đến 35KV; Thiết kế hệ thống điện công trình dân dụng, công nghiệp và điều khiển tín hiệu giao thông; Kinh doanh sàn giao dịch bất động sản.', 'updated_at': None}]
(Background on this error at: https://sqlalche.me/e/20/gkpj) (Background on this error at: https://sqlalche.me/e/20/7s2a)
2026-01-21 13:42:45,531 - vnstock_crawler - ERROR - Error in _save_shareholders: This Session's transaction has been rolled back due to a previous exception during flush. To begin a new transaction with this Session, first issue Session.rollback(). Original exception was: (psycopg2.errors.UniqueViolation) duplicate key value violates unique constraint "company_profiles_symbol_key"
DETAIL:  Key (symbol)=(NTL) already exists.

[SQL: INSERT INTO company_profiles (symbol, company_name, short_name, industry, sector, country, website, description, updated_at) VALUES (%(symbol)s, %(company_name)s, %(short_name)s, %(industry)s, %(sector)s, %(country)s, %(website)s, %(description)s, %(updated_at)s) RETURNING company_profiles.id, company_profiles.created_at]
[parameters: {'symbol': 'NTL', 'company_name': 'Công ty Cổ phần Phát triển Đô thị Từ Liêm', 'short_name': 'Nhà Từ Liêm', 'industry': 'Bất động sản và Xây dựng', 'sector': 'Phát triển bất động sản', 'country': 'Việt Nam', 'website': 'http://www.lideco.vn', 'description': 'Công ty Cổ phần Phát triển Đô thị Từ Liêm tiền thân là Xí nghiệp Xây dựng Từ Liêm được thành lập từ năm 1974. Năm 1992 phát triển thành một doanh ngh ... (1343 characters truncated) ... m biến áp đến 35KV; Thiết kế hệ thống điện công trình dân dụng, công nghiệp và điều khiển tín hiệu giao thông; Kinh doanh sàn giao dịch bất động sản.', 'updated_at': None}]
(Background on this error at: https://sqlalche.me/e/20/gkpj) (Background on this error at: https://sqlalche.me/e/20/7s2a)
2026-01-21 13:42:45,532 - vnstock_crawler - ERROR - Error in _save_insider_transactions: This Session's transaction has been rolled back due to a previous exception during flush. To begin a new transaction with this Session, first issue Session.rollback(). Original exception was: (psycopg2.errors.UniqueViolation) duplicate key value violates unique constraint "company_profiles_symbol_key"
DETAIL:  Key (symbol)=(NTL) already exists.

[SQL: INSERT INTO company_profiles (symbol, company_name, short_name, industry, sector, country, website, description, updated_at) VALUES (%(symbol)s, %(company_name)s, %(short_name)s, %(industry)s, %(sector)s, %(country)s, %(website)s, %(description)s, %(updated_at)s) RETURNING company_profiles.id, company_profiles.created_at]
[parameters: {'symbol': 'NTL', 'company_name': 'Công ty Cổ phần Phát triển Đô thị Từ Liêm', 'short_name': 'Nhà Từ Liêm', 'industry': 'Bất động sản và Xây dựng', 'sector': 'Phát triển bất động sản', 'country': 'Việt Nam', 'website': 'http://www.lideco.vn', 'description': 'Công ty Cổ phần Phát triển Đô thị Từ Liêm tiền thân là Xí nghiệp Xây dựng Từ Liêm được thành lập từ năm 1974. Năm 1992 phát triển thành một doanh ngh ... (1343 characters truncated) ... m biến áp đến 35KV; Thiết kế hệ thống điện công trình dân dụng, công nghiệp và điều khiển tín hiệu giao thông; Kinh doanh sàn giao dịch bất động sản.', 'updated_at': None}]
(Background on this error at: https://sqlalche.me/e/20/gkpj) (Background on this error at: https://sqlalche.me/e/20/7s2a)
2026-01-21 13:42:45,532 - vnstock_crawler - ERROR - Error in _save_foreign_transactions: This Session's transaction has been rolled back due to a previous exception during flush. To begin a new transaction with this Session, first issue Session.rollback(). Original exception was: (psycopg2.errors.UniqueViolation) duplicate key value violates unique constraint "company_profiles_symbol_key"
DETAIL:  Key (symbol)=(NTL) already exists.

[SQL: INSERT INTO company_profiles (symbol, company_name, short_name, industry, sector, country, website, description, updated_at) VALUES (%(symbol)s, %(company_name)s, %(short_name)s, %(industry)s, %(sector)s, %(country)s, %(website)s, %(description)s, %(updated_at)s) RETURNING company_profiles.id, company_profiles.created_at]
[parameters: {'symbol': 'NTL', 'company_name': 'Công ty Cổ phần Phát triển Đô thị Từ Liêm', 'short_name': 'Nhà Từ Liêm', 'industry': 'Bất động sản và Xây dựng', 'sector': 'Phát triển bất động sản', 'country': 'Việt Nam', 'website': 'http://www.lideco.vn', 'description': 'Công ty Cổ phần Phát triển Đô thị Từ Liêm tiền thân là Xí nghiệp Xây dựng Từ Liêm được thành lập từ năm 1974. Năm 1992 phát triển thành một doanh ngh ... (1343 characters truncated) ... m biến áp đến 35KV; Thiết kế hệ thống điện công trình dân dụng, công nghiệp và điều khiển tín hiệu giao thông; Kinh doanh sàn giao dịch bất động sản.', 'updated_at': None}]
(Background on this error at: https://sqlalche.me/e/20/gkpj) (Background on this error at: https://sqlalche.me/e/20/7s2a)
2026-01-21 13:54:44,191 - vnstock_crawler - ERROR - Error in _save_company_data: (psycopg2.errors.UniqueViolation) duplicate key value violates unique constraint "company_profiles_symbol_key"
DETAIL:  Key (symbol)=(NTL) already exists.

[SQL: INSERT INTO company_profiles (symbol, company_name, short_name, industry, sector, country, website, description, updated_at) VALUES (%(symbol)s, %(company_name)s, %(short_name)s, %(industry)s, %(sector)s, %(country)s, %(website)s, %(description)s, %(updated_at)s) RETURNING company_profiles.id, company_profiles.created_at]
[parameters: {'symbol': 'NTL', 'company_name': 'Công ty Cổ phần Phát triển Đô thị Từ Liêm', 'short_name': 'Lideco', 'industry': 'Bất động sản và Xây dựng', 'sector': 'Phát triển bất động sản', 'country': 'Việt Nam', 'website': 'http://www.lideco.vn', 'description': 'Công ty Cổ phần Phát triển Đô thị Từ Liêm tiền thân là Xí nghiệp Xây dựng Từ Liêm được thành lập từ năm 1974. Năm 1992 phát triển thành một doanh ngh ... (1335 characters truncated) ... ạm biến áp đến 35KV; Thiết kế hệ thống điện công trình dân dụng, công nghiệp và điều khiển tín hiệu giao thông Kinh doanh sàn giao dịch bất động sản.', 'updated_at': None}]
(Background on this error at: https://sqlalche.me/e/20/gkpj)
2026-01-21 13:54:44,192 - vnstock_crawler - ERROR - Error in _save_balance_sheets: This Session's transaction has been rolled back due to a previous exception during flush. To begin a new transaction with this Session, first issue Session.rollback(). Original exception was: (psycopg2.errors.UniqueViolation) duplicate key value violates unique constraint "company_profiles_symbol_key"
DETAIL:  Key (symbol)=(NTL) already exists.

[SQL: INSERT INTO company_profiles (symbol, company_name, short_name, industry, sector, country, website, description, updated_at) VALUES (%(symbol)s, %(company_name)s, %(short_name)s, %(industry)s, %(sector)s, %(country)s, %(website)s, %(description)s, %(updated_at)s) RETURNING company_profiles.id, company_profiles.created_at]
[parameters: {'symbol': 'NTL', 'company_name': 'Công ty Cổ phần Phát triển Đô thị Từ Liêm', 'short_name': 'Lideco', 'industry': 'Bất động sản và Xây dựng', 'sector': 'Phát triển bất động sản', 'country': 'Việt Nam', 'website': 'http://www.lideco.vn', 'description': 'Công ty Cổ phần Phát triển Đô thị Từ Liêm tiền thân là Xí nghiệp Xây dựng Từ Liêm được thành lập từ năm 1974. Năm 1992 phát triển thành một doanh ngh ... (1335 characters truncated) ... ạm biến áp đến 35KV; Thiết kế hệ thống điện công trình dân dụng, công nghiệp và điều khiển tín hiệu giao thông Kinh doanh sàn giao dịch bất động sản.', 'updated_at': None}]
(Background on this error at: https://sqlalche.me/e/20/gkpj) (Background on this error at: https://sqlalche.me/e/20/7s2a)
2026-01-21 13:54:44,192 - vnstock_crawler - ERROR - Error in _save_income_statements: This Session's transaction has been rolled back due to a previous exception during flush. To begin a new transaction with this Session, first issue Session.rollback(). Original exception was: (psycopg2.errors.UniqueViolation) duplicate key value violates unique constraint "company_profiles_symbol_key"
DETAIL:  Key (symbol)=(NTL) already exists.

[SQL: INSERT INTO company_profiles (symbol, company_name, short_name, industry, sector, country, website, description, updated_at) VALUES (%(symbol)s, %(company_name)s, %(short_name)s, %(industry)s, %(sector)s, %(country)s, %(website)s, %(description)s, %(updated_at)s) RETURNING company_profiles.id, company_profiles.created_at]
[parameters: {'symbol': 'NTL', 'company_name': 'Công ty Cổ phần Phát triển Đô thị Từ Liêm', 'short_name': 'Lideco', 'industry': 'Bất động sản và Xây dựng', 'sector': 'Phát triển bất động sản', 'country': 'Việt Nam', 'website': 'http://www.lideco.vn', 'description': 'Công ty Cổ phần Phát triển Đô thị Từ Liêm tiền thân là Xí nghiệp Xây dựng Từ Liêm được thành lập từ năm 1974. Năm 1992 phát triển thành một doanh ngh ... (1335 characters truncated) ... ạm biến áp đến 35KV; Thiết kế hệ thống điện công trình dân dụng, công nghiệp và điều khiển tín hiệu giao thông Kinh doanh sàn giao dịch bất động sản.', 'updated_at': None}]
(Background on this error at: https://sqlalche.me/e/20/gkpj) (Background on this error at: https://sqlalche.me/e/20/7s2a)
2026-01-21 13:54:44,193 - vnstock_crawler - ERROR - Error in _save_officers: This Session's transaction has been rolled back due to a previous exception during flush. To begin a new transaction with this Session, first issue Session.rollback(). Original exception was: (psycopg2.errors.UniqueViolation) duplicate key value violates unique constraint "company_profiles_symbol_key"
DETAIL:  Key (symbol)=(NTL) already exists.

[SQL: INSERT INTO company_profiles (symbol, company_name, short_name, industry, sector, country, website, description, updated_at) VALUES (%(symbol)s, %(company_name)s, %(short_name)s, %(industry)s, %(sector)s, %(country)s, %(website)s, %(description)s, %(updated_at)s) RETURNING company_profiles.id, company_profiles.created_at]
[parameters: {'symbol': 'NTL', 'company_name': 'Công ty Cổ phần Phát triển Đô thị Từ Liêm', 'short_name': 'Lideco', 'industry': 'Bất động sản và Xây dựng', 'sector': 'Phát triển bất động sản', 'country': 'Việt Nam', 'website': 'http://www.lideco.vn', 'description': 'Công ty Cổ phần Phát triển Đô thị Từ Liêm tiền thân là Xí nghiệp Xây dựng Từ Liêm được thành lập từ năm 1974. Năm 1992 phát triển thành một doanh ngh ... (1335 characters truncated) ... ạm biến áp đến 35KV; Thiết kế hệ thống điện công trình dân dụng, công nghiệp và điều khiển tín hiệu giao thông Kinh doanh sàn giao dịch bất động sản.', 'updated_at': None}]
(Background on this error at: https://sqlalche.me/e/20/gkpj) (Background on this error at: https://sqlalche.me/e/20/7s2a)
2026-01-21 13:54:44,193 - vnstock_crawler - ERROR - Error in _save_ratios: This Session's transaction has been rolled back due to a previous exception during flush. To begin a new transaction with this Session, first issue Session.rollback(). Original exception was: (psycopg2.errors.UniqueViolation) duplicate key value violates unique constraint "company_profiles_symbol_key"
DETAIL:  Key (symbol)=(NTL) already exists.

[SQL: INSERT INTO company_profiles (symbol, company_name, short_name, industry, sector, country, website, description, updated_at) VALUES (%(symbol)s, %(company_name)s, %(short_name)s, %(industry)s, %(sector)s, %(country)s, %(website)s, %(description)s, %(updated_at)s) RETURNING company_profiles.id, company_profiles.created_at]
[parameters: {'symbol': 'NTL', 'company_name': 'Công ty Cổ phần Phát triển Đô thị Từ Liêm', 'short_name': 'Lideco', 'industry': 'Bất động sản và Xây dựng', 'sector': 'Phát triển bất động sản', 'country': 'Việt Nam', 'website': 'http://www.lideco.vn', 'description': 'Công ty Cổ phần Phát triển Đô thị Từ Liêm tiền thân là Xí nghiệp Xây dựng Từ Liêm được thành lập từ năm 1974. Năm 1992 phát triển thành một doanh ngh ... (1335 characters truncated) ... ạm biến áp đến 35KV; Thiết kế hệ thống điện công trình dân dụng, công nghiệp và điều khiển tín hiệu giao thông Kinh doanh sàn giao dịch bất động sản.', 'updated_at': None}]
(Background on this error at: https://sqlalche.me/e/20/gkpj) (Background on this error at: https://sqlalche.me/e/20/7s2a)
2026-01-21 13:54:44,193 - vnstock_crawler - ERROR - Error in _save_shareholders: This Session's transaction has been rolled back due to a previous exception during flush. To begin a new transaction with this Session, first issue Session.rollback(). Original exception was: (psycopg2.errors.UniqueViolation) duplicate key value violates unique constraint "company_profiles_symbol_key"
DETAIL:  Key (symbol)=(NTL) already exists.

[SQL: INSERT INTO company_profiles (symbol, company_name, short_name, industry, sector, country, website, description, updated_at) VALUES (%(symbol)s, %(company_name)s, %(short_name)s, %(industry)s, %(sector)s, %(country)s, %(website)s, %(description)s, %(updated_at)s) RETURNING company_profiles.id, company_profiles.created_at]
[parameters: {'symbol': 'NTL', 'company_name': 'Công ty Cổ phần Phát triển Đô thị Từ Liêm', 'short_name': 'Lideco', 'industry': 'Bất động sản và Xây dựng', 'sector': 'Phát triển bất động sản', 'country': 'Việt Nam', 'website': 'http://www.lideco.vn', 'description': 'Công ty Cổ phần Phát triển Đô thị Từ Liêm tiền thân là Xí nghiệp Xây dựng Từ Liêm được thành lập từ năm 1974. Năm 1992 phát triển thành một doanh ngh ... (1335 characters truncated) ... ạm biến áp đến 35KV; Thiết kế hệ thống điện công trình dân dụng, công nghiệp và điều khiển tín hiệu giao thông Kinh doanh sàn giao dịch bất động sản.', 'updated_at': None}]
(Background on this error at: https://sqlalche.me/e/20/gkpj) (Background on this error at: https://sqlalche.me/e/20/7s2a)
2026-01-21 13:54:44,193 - vnstock_crawler - ERROR - Error in _save_insider_transactions: This Session's transaction has been rolled back due to a previous exception during flush. To begin a new transaction with this Session, first issue Session.rollback(). Original exception was: (psycopg2.errors.UniqueViolation) duplicate key value violates unique constraint "company_profiles_symbol_key"
DETAIL:  Key (symbol)=(NTL) already exists.

[SQL: INSERT INTO company_profiles (symbol, company_name, short_name, industry, sector, country, website, description, updated_at) VALUES (%(symbol)s, %(company_name)s, %(short_name)s, %(industry)s, %(sector)s, %(country)s, %(website)s, %(description)s, %(updated_at)s) RETURNING company_profiles.id, company_profiles.created_at]
[parameters: {'symbol': 'NTL', 'company_name': 'Công ty Cổ phần Phát triển Đô thị Từ Liêm', 'short_name': 'Lideco', 'industry': 'Bất động sản và Xây dựng', 'sector': 'Phát triển bất động sản', 'country': 'Việt Nam', 'website': 'http://www.lideco.vn', 'description': 'Công ty Cổ phần Phát triển Đô thị Từ Liêm tiền thân là Xí nghiệp Xây dựng Từ Liêm được thành lập từ năm 1974. Năm 1992 phát triển thành một doanh ngh ... (1335 characters truncated) ... ạm biến áp đến 35KV; Thiết kế hệ thống điện công trình dân dụng, công nghiệp và điều khiển tín hiệu giao thông Kinh doanh sàn giao dịch bất động sản.', 'updated_at': None}]
(Background on this error at: https://sqlalche.me/e/20/gkpj) (Background on this error at: https://sqlalche.me/e/20/7s2a)
2026-01-21 13:54:44,194 - vnstock_crawler - ERROR - Error in _save_foreign_transactions: This Session's transaction has been rolled back due to a previous exception during flush. To begin a new transaction with this Session, first issue Session.rollback(). Original exception was: (psycopg2.errors.UniqueViolation) duplicate key value violates unique constraint "company_profiles_symbol_key"
DETAIL:  Key (symbol)=(NTL) already exists.

[SQL: INSERT INTO company_profiles (symbol, company_name, short_name, industry, sector, country, website, description, updated_at) VALUES (%(symbol)s, %(company_name)s, %(short_name)s, %(industry)s, %(sector)s, %(country)s, %(website)s, %(description)s, %(updated_at)s) RETURNING company_profiles.id, company_profiles.created_at]
[parameters: {'symbol': 'NTL', 'company_name': 'Công ty Cổ phần Phát triển Đô thị Từ Liêm', 'short_name': 'Lideco', 'industry': 'Bất động sản và Xây dựng', 'sector': 'Phát triển bất động sản', 'country': 'Việt Nam', 'website': 'http://www.lideco.vn', 'description': 'Công ty Cổ phần Phát triển Đô thị Từ Liêm tiền thân là Xí nghiệp Xây dựng Từ Liêm được thành lập từ năm 1974. Năm 1992 phát triển thành một doanh ngh ... (1335 characters truncated) ... ạm biến áp đến 35KV; Thiết kế hệ thống điện công trình dân dụng, công nghiệp và điều khiển tín hiệu giao thông Kinh doanh sàn giao dịch bất động sản.', 'updated_at': None}]
(Background on this error at: https://sqlalche.me/e/20/gkpj) (Background on this error at: https://sqlalche.me/e/20/7s2a)
2026-01-21 14:29:48,373 - vnstock_crawler - ERROR - Error in _save_balance_sheets: (psycopg2.ProgrammingError) can't adapt type 'dict'
[SQL: INSERT INTO balance_sheets (symbol, period, year, quarter, data) SELECT p0::VARCHAR, p1::VARCHAR, p2::INTEGER, p3::INTEGER, p4::TEXT FROM (VALUES (%(symbol__0)s, %(period__0)s, %(year__0)s, %(quarter__0)s, %(data__0)s, 0), (%(symbol__1)s, %(period__1 ... 251 characters truncated ... ER BY sen_counter RETURNING balance_sheets.id, balance_sheets.created_at, balance_sheets.id AS id__1]
[parameters: {'symbol__0': 'NTL', 'year__0': 2024, 'period__0': 'quarter', 'quarter__0': 4, 'data__0': {'Tổng tài sản lưu động ngắn hạn': 2117850000000.0, 'Tổng tài sản': 2178120000000.0, 'Nợ ngắn hạn': 421870000000.0, 'Tổng nợ': 432730000000.0, 'Vốn chủ sở hữu': 1745390000000.0}, 'symbol__1': 'NTL', 'year__1': 2025, 'period__1': 'quarter', 'quarter__1': 1, 'data__1': {'Tổng tài sản lưu động ngắn hạn': 1912210000000.0, 'Tổng tài sản': 1971080000000.0, 'Nợ ngắn hạn': 195940000000.0, 'Tổng nợ': 206800000000.0, 'Vốn chủ sở hữu': 1764280000000.0}, 'symbol__2': 'NTL', 'year__2': 2025, 'period__2': 'quarter', 'quarter__2': 2, 'data__2': {'Tổng tài sản lưu động ngắn hạn': 1900480000000.0, 'Tổng tài sản': 1957790000000.0, 'Nợ ngắn hạn': 224120000000.0, 'Tổng nợ': 234980000000.0, 'Vốn chủ sở hữu': 1722810000000.0}, 'symbol__3': 'NTL', 'year__3': 2025, 'period__3': 'quarter', 'quarter__3': 3, 'data__3': {'Tổng tài sản lưu động ngắn hạn': 1921040000000.0, 'Tổng tài sản': 1977240000000.0, 'Nợ ngắn hạn': 231760000000.0, 'Tổng nợ': 242620000000.0, 'Vốn chủ sở hữu': 1735040000000.0}}]
(Background on this error at: https://sqlalche.me/e/20/f405)
2026-01-21 14:29:48,374 - vnstock_crawler - ERROR - Error in _save_income_statements: This Session's transaction has been rolled back due to a previous exception during flush. To begin a new transaction with this Session, first issue Session.rollback(). Original exception was: (psycopg2.ProgrammingError) can't adapt type 'dict'
[SQL: INSERT INTO balance_sheets (symbol, period, year, quarter, data) SELECT p0::VARCHAR, p1::VARCHAR, p2::INTEGER, p3::INTEGER, p4::TEXT FROM (VALUES (%(symbol__0)s, %(period__0)s, %(year__0)s, %(quarter__0)s, %(data__0)s, 0), (%(symbol__1)s, %(period__1 ... 251 characters truncated ... ER BY sen_counter RETURNING balance_sheets.id, balance_sheets.created_at, balance_sheets.id AS id__1]
[parameters: {'symbol__0': 'NTL', 'year__0': 2024, 'period__0': 'quarter', 'quarter__0': 4, 'data__0': {'Tổng tài sản lưu động ngắn hạn': 2117850000000.0, 'Tổng tài sản': 2178120000000.0, 'Nợ ngắn hạn': 421870000000.0, 'Tổng nợ': 432730000000.0, 'Vốn chủ sở hữu': 1745390000000.0}, 'symbol__1': 'NTL', 'year__1': 2025, 'period__1': 'quarter', 'quarter__1': 1, 'data__1': {'Tổng tài sản lưu động ngắn hạn': 1912210000000.0, 'Tổng tài sản': 1971080000000.0, 'Nợ ngắn hạn': 195940000000.0, 'Tổng nợ': 206800000000.0, 'Vốn chủ sở hữu': 1764280000000.0}, 'symbol__2': 'NTL', 'year__2': 2025, 'period__2': 'quarter', 'quarter__2': 2, 'data__2': {'Tổng tài sản lưu động ngắn hạn': 1900480000000.0, 'Tổng tài sản': 1957790000000.0, 'Nợ ngắn hạn': 224120000000.0, 'Tổng nợ': 234980000000.0, 'Vốn chủ sở hữu': 1722810000000.0}, 'symbol__3': 'NTL', 'year__3': 2025, 'period__3': 'quarter', 'quarter__3': 3, 'data__3': {'Tổng tài sản lưu động ngắn hạn': 1921040000000.0, 'Tổng tài sản': 1977240000000.0, 'Nợ ngắn hạn': 231760000000.0, 'Tổng nợ': 242620000000.0, 'Vốn chủ sở hữu': 1735040000000.0}}]
(Background on this error at: https://sqlalche.me/e/20/f405) (Background on this error at: https://sqlalche.me/e/20/7s2a)
2026-01-21 14:29:48,374 - vnstock_crawler - ERROR - Error in _save_officers: This Session's transaction has been rolled back due to a previous exception during flush. To begin a new transaction with this Session, first issue Session.rollback(). Original exception was: (psycopg2.ProgrammingError) can't adapt type 'dict'
[SQL: INSERT INTO balance_sheets (symbol, period, year, quarter, data) SELECT p0::VARCHAR, p1::VARCHAR, p2::INTEGER, p3::INTEGER, p4::TEXT FROM (VALUES (%(symbol__0)s, %(period__0)s, %(year__0)s, %(quarter__0)s, %(data__0)s, 0), (%(symbol__1)s, %(period__1 ... 251 characters truncated ... ER BY sen_counter RETURNING balance_sheets.id, balance_sheets.created_at, balance_sheets.id AS id__1]
[parameters: {'symbol__0': 'NTL', 'year__0': 2024, 'period__0': 'quarter', 'quarter__0': 4, 'data__0': {'Tổng tài sản lưu động ngắn hạn': 2117850000000.0, 'Tổng tài sản': 2178120000000.0, 'Nợ ngắn hạn': 421870000000.0, 'Tổng nợ': 432730000000.0, 'Vốn chủ sở hữu': 1745390000000.0}, 'symbol__1': 'NTL', 'year__1': 2025, 'period__1': 'quarter', 'quarter__1': 1, 'data__1': {'Tổng tài sản lưu động ngắn hạn': 1912210000000.0, 'Tổng tài sản': 1971080000000.0, 'Nợ ngắn hạn': 195940000000.0, 'Tổng nợ': 206800000000.0, 'Vốn chủ sở hữu': 1764280000000.0}, 'symbol__2': 'NTL', 'year__2': 2025, 'period__2': 'quarter', 'quarter__2': 2, 'data__2': {'Tổng tài sản lưu động ngắn hạn': 1900480000000.0, 'Tổng tài sản': 1957790000000.0, 'Nợ ngắn hạn': 224120000000.0, 'Tổng nợ': 234980000000.0, 'Vốn chủ sở hữu': 1722810000000.0}, 'symbol__3': 'NTL', 'year__3': 2025, 'period__3': 'quarter', 'quarter__3': 3, 'data__3': {'Tổng tài sản lưu động ngắn hạn': 1921040000000.0, 'Tổng tài sản': 1977240000000.0, 'Nợ ngắn hạn': 231760000000.0, 'Tổng nợ': 242620000000.0, 'Vốn chủ sở hữu': 1735040000000.0}}]
(Background on this error at: https://sqlalche.me/e/20/f405) (Background on this error at: https://sqlalche.me/e/20/7s2a)
2026-01-21 14:29:48,374 - vnstock_crawler - ERROR - Error in _save_ratios: This Session's transaction has been rolled back due to a previous exception during flush. To begin a new transaction with this Session, first issue Session.rollback(). Original exception was: (psycopg2.ProgrammingError) can't adapt type 'dict'
[SQL: INSERT INTO balance_sheets (symbol, period, year, quarter, data) SELECT p0::VARCHAR, p1::VARCHAR, p2::INTEGER, p3::INTEGER, p4::TEXT FROM (VALUES (%(symbol__0)s, %(period__0)s, %(year__0)s, %(quarter__0)s, %(data__0)s, 0), (%(symbol__1)s, %(period__1 ... 251 characters truncated ... ER BY sen_counter RETURNING balance_sheets.id, balance_sheets.created_at, balance_sheets.id AS id__1]
[parameters: {'symbol__0': 'NTL', 'year__0': 2024, 'period__0': 'quarter', 'quarter__0': 4, 'data__0': {'Tổng tài sản lưu động ngắn hạn': 2117850000000.0, 'Tổng tài sản': 2178120000000.0, 'Nợ ngắn hạn': 421870000000.0, 'Tổng nợ': 432730000000.0, 'Vốn chủ sở hữu': 1745390000000.0}, 'symbol__1': 'NTL', 'year__1': 2025, 'period__1': 'quarter', 'quarter__1': 1, 'data__1': {'Tổng tài sản lưu động ngắn hạn': 1912210000000.0, 'Tổng tài sản': 1971080000000.0, 'Nợ ngắn hạn': 195940000000.0, 'Tổng nợ': 206800000000.0, 'Vốn chủ sở hữu': 1764280000000.0}, 'symbol__2': 'NTL', 'year__2': 2025, 'period__2': 'quarter', 'quarter__2': 2, 'data__2': {'Tổng tài sản lưu động ngắn hạn': 1900480000000.0, 'Tổng tài sản': 1957790000000.0, 'Nợ ngắn hạn': 224120000000.0, 'Tổng nợ': 234980000000.0, 'Vốn chủ sở hữu': 1722810000000.0}, 'symbol__3': 'NTL', 'year__3': 2025, 'period__3': 'quarter', 'quarter__3': 3, 'data__3': {'Tổng tài sản lưu động ngắn hạn': 1921040000000.0, 'Tổng tài sản': 1977240000000.0, 'Nợ ngắn hạn': 231760000000.0, 'Tổng nợ': 242620000000.0, 'Vốn chủ sở hữu': 1735040000000.0}}]
(Background on this error at: https://sqlalche.me/e/20/f405) (Background on this error at: https://sqlalche.me/e/20/7s2a)
2026-01-21 14:29:48,375 - vnstock_crawler - ERROR - Error in _save_shareholders: This Session's transaction has been rolled back due to a previous exception during flush. To begin a new transaction with this Session, first issue Session.rollback(). Original exception was: (psycopg2.ProgrammingError) can't adapt type 'dict'
[SQL: INSERT INTO balance_sheets (symbol, period, year, quarter, data) SELECT p0::VARCHAR, p1::VARCHAR, p2::INTEGER, p3::INTEGER, p4::TEXT FROM (VALUES (%(symbol__0)s, %(period__0)s, %(year__0)s, %(quarter__0)s, %(data__0)s, 0), (%(symbol__1)s, %(period__1 ... 251 characters truncated ... ER BY sen_counter RETURNING balance_sheets.id, balance_sheets.created_at, balance_sheets.id AS id__1]
[parameters: {'symbol__0': 'NTL', 'year__0': 2024, 'period__0': 'quarter', 'quarter__0': 4, 'data__0': {'Tổng tài sản lưu động ngắn hạn': 2117850000000.0, 'Tổng tài sản': 2178120000000.0, 'Nợ ngắn hạn': 421870000000.0, 'Tổng nợ': 432730000000.0, 'Vốn chủ sở hữu': 1745390000000.0}, 'symbol__1': 'NTL', 'year__1': 2025, 'period__1': 'quarter', 'quarter__1': 1, 'data__1': {'Tổng tài sản lưu động ngắn hạn': 1912210000000.0, 'Tổng tài sản': 1971080000000.0, 'Nợ ngắn hạn': 195940000000.0, 'Tổng nợ': 206800000000.0, 'Vốn chủ sở hữu': 1764280000000.0}, 'symbol__2': 'NTL', 'year__2': 2025, 'period__2': 'quarter', 'quarter__2': 2, 'data__2': {'Tổng tài sản lưu động ngắn hạn': 1900480000000.0, 'Tổng tài sản': 1957790000000.0, 'Nợ ngắn hạn': 224120000000.0, 'Tổng nợ': 234980000000.0, 'Vốn chủ sở hữu': 1722810000000.0}, 'symbol__3': 'NTL', 'year__3': 2025, 'period__3': 'quarter', 'quarter__3': 3, 'data__3': {'Tổng tài sản lưu động ngắn hạn': 1921040000000.0, 'Tổng tài sản': 1977240000000.0, 'Nợ ngắn hạn': 231760000000.0, 'Tổng nợ': 242620000000.0, 'Vốn chủ sở hữu': 1735040000000.0}}]
(Background on this error at: https://sqlalche.me/e/20/f405) (Background on this error at: https://sqlalche.me/e/20/7s2a)
2026-01-21 14:29:48,375 - vnstock_crawler - ERROR - Error in _save_insider_transactions: This Session's transaction has been rolled back due to a previous exception during flush. To begin a new transaction with this Session, first issue Session.rollback(). Original exception was: (psycopg2.ProgrammingError) can't adapt type 'dict'
[SQL: INSERT INTO balance_sheets (symbol, period, year, quarter, data) SELECT p0::VARCHAR, p1::VARCHAR, p2::INTEGER, p3::INTEGER, p4::TEXT FROM (VALUES (%(symbol__0)s, %(period__0)s, %(year__0)s, %(quarter__0)s, %(data__0)s, 0), (%(symbol__1)s, %(period__1 ... 251 characters truncated ... ER BY sen_counter RETURNING balance_sheets.id, balance_sheets.created_at, balance_sheets.id AS id__1]
[parameters: {'symbol__0': 'NTL', 'year__0': 2024, 'period__0': 'quarter', 'quarter__0': 4, 'data__0': {'Tổng tài sản lưu động ngắn hạn': 2117850000000.0, 'Tổng tài sản': 2178120000000.0, 'Nợ ngắn hạn': 421870000000.0, 'Tổng nợ': 432730000000.0, 'Vốn chủ sở hữu': 1745390000000.0}, 'symbol__1': 'NTL', 'year__1': 2025, 'period__1': 'quarter', 'quarter__1': 1, 'data__1': {'Tổng tài sản lưu động ngắn hạn': 1912210000000.0, 'Tổng tài sản': 1971080000000.0, 'Nợ ngắn hạn': 195940000000.0, 'Tổng nợ': 206800000000.0, 'Vốn chủ sở hữu': 1764280000000.0}, 'symbol__2': 'NTL', 'year__2': 2025, 'period__2': 'quarter', 'quarter__2': 2, 'data__2': {'Tổng tài sản lưu động ngắn hạn': 1900480000000.0, 'Tổng tài sản': 1957790000000.0, 'Nợ ngắn hạn': 224120000000.0, 'Tổng nợ': 234980000000.0, 'Vốn chủ sở hữu': 1722810000000.0}, 'symbol__3': 'NTL', 'year__3': 2025, 'period__3': 'quarter', 'quarter__3': 3, 'data__3': {'Tổng tài sản lưu động ngắn hạn': 1921040000000.0, 'Tổng tài sản': 1977240000000.0, 'Nợ ngắn hạn': 231760000000.0, 'Tổng nợ': 242620000000.0, 'Vốn chủ sở hữu': 1735040000000.0}}]
(Background on this error at: https://sqlalche.me/e/20/f405) (Background on this error at: https://sqlalche.me/e/20/7s2a)
2026-01-21 14:29:48,375 - vnstock_crawler - ERROR - Error in _save_foreign_transactions: This Session's transaction has been rolled back due to a previous exception during flush. To begin a new transaction with this Session, first issue Session.rollback(). Original exception was: (psycopg2.ProgrammingError) can't adapt type 'dict'
[SQL: INSERT INTO balance_sheets (symbol, period, year, quarter, data) SELECT p0::VARCHAR, p1::VARCHAR, p2::INTEGER, p3::INTEGER, p4::TEXT FROM (VALUES (%(symbol__0)s, %(period__0)s, %(year__0)s, %(quarter__0)s, %(data__0)s, 0), (%(symbol__1)s, %(period__1 ... 251 characters truncated ... ER BY sen_counter RETURNING balance_sheets.id, balance_sheets.created_at, balance_sheets.id AS id__1]
[parameters: {'symbol__0': 'NTL', 'year__0': 2024, 'period__0': 'quarter', 'quarter__0': 4, 'data__0': {'Tổng tài sản lưu động ngắn hạn': 2117850000000.0, 'Tổng tài sản': 2178120000000.0, 'Nợ ngắn hạn': 421870000000.0, 'Tổng nợ': 432730000000.0, 'Vốn chủ sở hữu': 1745390000000.0}, 'symbol__1': 'NTL', 'year__1': 2025, 'period__1': 'quarter', 'quarter__1': 1, 'data__1': {'Tổng tài sản lưu động ngắn hạn': 1912210000000.0, 'Tổng tài sản': 1971080000000.0, 'Nợ ngắn hạn': 195940000000.0, 'Tổng nợ': 206800000000.0, 'Vốn chủ sở hữu': 1764280000000.0}, 'symbol__2': 'NTL', 'year__2': 2025, 'period__2': 'quarter', 'quarter__2': 2, 'data__2': {'Tổng tài sản lưu động ngắn hạn': 1900480000000.0, 'Tổng tài sản': 1957790000000.0, 'Nợ ngắn hạn': 224120000000.0, 'Tổng nợ': 234980000000.0, 'Vốn chủ sở hữu': 1722810000000.0}, 'symbol__3': 'NTL', 'year__3': 2025, 'period__3': 'quarter', 'quarter__3': 3, 'data__3': {'Tổng tài sản lưu động ngắn hạn': 1921040000000.0, 'Tổng tài sản': 1977240000000.0, 'Nợ ngắn hạn': 231760000000.0, 'Tổng nợ': 242620000000.0, 'Vốn chủ sở hữu': 1735040000000.0}}]
(Background on this error at: https://sqlalche.me/e/20/f405) (Background on this error at: https://sqlalche.me/e/20/7s2a)
2026-01-21 14:34:37,328 - vnstock_crawler - ERROR - Error in _save_balance_sheets: (psycopg2.ProgrammingError) can't adapt type 'dict'
[SQL: INSERT INTO balance_sheets (symbol, period, year, quarter, data) SELECT p0::VARCHAR, p1::VARCHAR, p2::INTEGER, p3::INTEGER, p4::TEXT FROM (VALUES (%(symbol__0)s, %(period__0)s, %(year__0)s, %(quarter__0)s, %(data__0)s, 0), (%(symbol__1)s, %(period__1 ... 251 characters truncated ... ER BY sen_counter RETURNING balance_sheets.id, balance_sheets.created_at, balance_sheets.id AS id__1]
[parameters: {'period__0': 'quarter', 'quarter__0': 4, 'data__0': {'Tổng tài sản lưu động ngắn hạn': 2117850000000.0, 'Tổng tài sản': 2178120000000.0, 'Nợ ngắn hạn': 421870000000.0, 'Tổng nợ': 432730000000.0, 'Vốn chủ sở hữu': 1745390000000.0}, 'year__0': 2024, 'symbol__0': 'NTL', 'period__1': 'quarter', 'quarter__1': 1, 'data__1': {'Tổng tài sản lưu động ngắn hạn': 1912210000000.0, 'Tổng tài sản': 1971080000000.0, 'Nợ ngắn hạn': 195940000000.0, 'Tổng nợ': 206800000000.0, 'Vốn chủ sở hữu': 1764280000000.0}, 'year__1': 2025, 'symbol__1': 'NTL', 'period__2': 'quarter', 'quarter__2': 2, 'data__2': {'Tổng tài sản lưu động ngắn hạn': 1900480000000.0, 'Tổng tài sản': 1957790000000.0, 'Nợ ngắn hạn': 224120000000.0, 'Tổng nợ': 234980000000.0, 'Vốn chủ sở hữu': 1722810000000.0}, 'year__2': 2025, 'symbol__2': 'NTL', 'period__3': 'quarter', 'quarter__3': 3, 'data__3': {'Tổng tài sản lưu động ngắn hạn': 1921040000000.0, 'Tổng tài sản': 1977240000000.0, 'Nợ ngắn hạn': 231760000000.0, 'Tổng nợ': 242620000000.0, 'Vốn chủ sở hữu': 1735040000000.0}, 'year__3': 2025, 'symbol__3': 'NTL'}]
(Background on this error at: https://sqlalche.me/e/20/f405)
2026-01-21 14:43:55,904 - vnstock_crawler - ERROR - Error in _save_company_data: app.models.company.CompanyProfile() got multiple values for keyword argument 'symbol'
2026-01-21 14:44:20,568 - vnstock_crawler - ERROR - Error in _save_balance_sheets: (psycopg2.ProgrammingError) can't adapt type 'dict'
[SQL: INSERT INTO balance_sheets (symbol, period, year, quarter, data) SELECT p0::VARCHAR, p1::VARCHAR, p2::INTEGER, p3::INTEGER, p4::TEXT FROM (VALUES (%(symbol__0)s, %(period__0)s, %(year__0)s, %(quarter__0)s, %(data__0)s, 0), (%(symbol__1)s, %(period__1 ... 251 characters truncated ... ER BY sen_counter RETURNING balance_sheets.id, balance_sheets.created_at, balance_sheets.id AS id__1]
[parameters: {'data__0': {'Tổng tài sản lưu động ngắn hạn': 2117850000000.0, 'Tổng tài sản': 2178120000000.0, 'Nợ ngắn hạn': 421870000000.0, 'Tổng nợ': 432730000000.0, 'Vốn chủ sở hữu': 1745390000000.0}, 'quarter__0': 4, 'period__0': 'quarter', 'symbol__0': 'NTL', 'year__0': 2024, 'data__1': {'Tổng tài sản lưu động ngắn hạn': 1912210000000.0, 'Tổng tài sản': 1971080000000.0, 'Nợ ngắn hạn': 195940000000.0, 'Tổng nợ': 206800000000.0, 'Vốn chủ sở hữu': 1764280000000.0}, 'quarter__1': 1, 'period__1': 'quarter', 'symbol__1': 'NTL', 'year__1': 2025, 'data__2': {'Tổng tài sản lưu động ngắn hạn': 1900480000000.0, 'Tổng tài sản': 1957790000000.0, 'Nợ ngắn hạn': 224120000000.0, 'Tổng nợ': 234980000000.0, 'Vốn chủ sở hữu': 1722810000000.0}, 'quarter__2': 2, 'period__2': 'quarter', 'symbol__2': 'NTL', 'year__2': 2025, 'data__3': {'Tổng tài sản lưu động ngắn hạn': 1921040000000.0, 'Tổng tài sản': 1977240000000.0, 'Nợ ngắn hạn': 231760000000.0, 'Tổng nợ': 242620000000.0, 'Vốn chủ sở hữu': 1735040000000.0}, 'quarter__3': 3, 'period__3': 'quarter', 'symbol__3': 'NTL', 'year__3': 2025}]
(Background on this error at: https://sqlalche.me/e/20/f405)
2026-01-21 14:45:46,096 - vnstock_crawler - ERROR - Error in _save_balance_sheets: (psycopg2.ProgrammingError) can't adapt type 'dict'
[SQL: INSERT INTO balance_sheets (symbol, period, year, quarter, data) SELECT p0::VARCHAR, p1::VARCHAR, p2::INTEGER, p3::INTEGER, p4::TEXT FROM (VALUES (%(symbol__0)s, %(period__0)s, %(year__0)s, %(quarter__0)s, %(data__0)s, 0), (%(symbol__1)s, %(period__1 ... 251 characters truncated ... ER BY sen_counter RETURNING balance_sheets.id, balance_sheets.created_at, balance_sheets.id AS id__1]
[parameters: {'symbol__0': 'NTL', 'data__0': {'Tổng tài sản lưu động ngắn hạn': 2117850000000.0, 'Tổng tài sản': 2178120000000.0, 'Nợ ngắn hạn': 421870000000.0, 'Tổng nợ': 432730000000.0, 'Vốn chủ sở hữu': 1745390000000.0}, 'period__0': 'quarter', 'year__0': 2024, 'quarter__0': 4, 'symbol__1': 'NTL', 'data__1': {'Tổng tài sản lưu động ngắn hạn': 1912210000000.0, 'Tổng tài sản': 1971080000000.0, 'Nợ ngắn hạn': 195940000000.0, 'Tổng nợ': 206800000000.0, 'Vốn chủ sở hữu': 1764280000000.0}, 'period__1': 'quarter', 'year__1': 2025, 'quarter__1': 1, 'symbol__2': 'NTL', 'data__2': {'Tổng tài sản lưu động ngắn hạn': 1900480000000.0, 'Tổng tài sản': 1957790000000.0, 'Nợ ngắn hạn': 224120000000.0, 'Tổng nợ': 234980000000.0, 'Vốn chủ sở hữu': 1722810000000.0}, 'period__2': 'quarter', 'year__2': 2025, 'quarter__2': 2, 'symbol__3': 'NTL', 'data__3': {'Tổng tài sản lưu động ngắn hạn': 1921040000000.0, 'Tổng tài sản': 1977240000000.0, 'Nợ ngắn hạn': 231760000000.0, 'Tổng nợ': 242620000000.0, 'Vốn chủ sở hữu': 1735040000000.0}, 'period__3': 'quarter', 'year__3': 2025, 'quarter__3': 3}]
(Background on this error at: https://sqlalche.me/e/20/f405)
2026-01-21 14:45:46,098 - vnstock_crawler - ERROR - Error in _save_income_statements: This Session's transaction has been rolled back due to a previous exception during flush. To begin a new transaction with this Session, first issue Session.rollback(). Original exception was: (psycopg2.ProgrammingError) can't adapt type 'dict'
[SQL: INSERT INTO balance_sheets (symbol, period, year, quarter, data) SELECT p0::VARCHAR, p1::VARCHAR, p2::INTEGER, p3::INTEGER, p4::TEXT FROM (VALUES (%(symbol__0)s, %(period__0)s, %(year__0)s, %(quarter__0)s, %(data__0)s, 0), (%(symbol__1)s, %(period__1 ... 251 characters truncated ... ER BY sen_counter RETURNING balance_sheets.id, balance_sheets.created_at, balance_sheets.id AS id__1]
[parameters: {'symbol__0': 'NTL', 'data__0': {'Tổng tài sản lưu động ngắn hạn': 2117850000000.0, 'Tổng tài sản': 2178120000000.0, 'Nợ ngắn hạn': 421870000000.0, 'Tổng nợ': 432730000000.0, 'Vốn chủ sở hữu': 1745390000000.0}, 'period__0': 'quarter', 'year__0': 2024, 'quarter__0': 4, 'symbol__1': 'NTL', 'data__1': {'Tổng tài sản lưu động ngắn hạn': 1912210000000.0, 'Tổng tài sản': 1971080000000.0, 'Nợ ngắn hạn': 195940000000.0, 'Tổng nợ': 206800000000.0, 'Vốn chủ sở hữu': 1764280000000.0}, 'period__1': 'quarter', 'year__1': 2025, 'quarter__1': 1, 'symbol__2': 'NTL', 'data__2': {'Tổng tài sản lưu động ngắn hạn': 1900480000000.0, 'Tổng tài sản': 1957790000000.0, 'Nợ ngắn hạn': 224120000000.0, 'Tổng nợ': 234980000000.0, 'Vốn chủ sở hữu': 1722810000000.0}, 'period__2': 'quarter', 'year__2': 2025, 'quarter__2': 2, 'symbol__3': 'NTL', 'data__3': {'Tổng tài sản lưu động ngắn hạn': 1921040000000.0, 'Tổng tài sản': 1977240000000.0, 'Nợ ngắn hạn': 231760000000.0, 'Tổng nợ': 242620000000.0, 'Vốn chủ sở hữu': 1735040000000.0}, 'period__3': 'quarter', 'year__3': 2025, 'quarter__3': 3}]
(Background on this error at: https://sqlalche.me/e/20/f405) (Background on this error at: https://sqlalche.me/e/20/7s2a)
2026-01-21 14:45:46,098 - vnstock_crawler - ERROR - Error in _save_officers: This Session's transaction has been rolled back due to a previous exception during flush. To begin a new transaction with this Session, first issue Session.rollback(). Original exception was: (psycopg2.ProgrammingError) can't adapt type 'dict'
[SQL: INSERT INTO balance_sheets (symbol, period, year, quarter, data) SELECT p0::VARCHAR, p1::VARCHAR, p2::INTEGER, p3::INTEGER, p4::TEXT FROM (VALUES (%(symbol__0)s, %(period__0)s, %(year__0)s, %(quarter__0)s, %(data__0)s, 0), (%(symbol__1)s, %(period__1 ... 251 characters truncated ... ER BY sen_counter RETURNING balance_sheets.id, balance_sheets.created_at, balance_sheets.id AS id__1]
[parameters: {'symbol__0': 'NTL', 'data__0': {'Tổng tài sản lưu động ngắn hạn': 2117850000000.0, 'Tổng tài sản': 2178120000000.0, 'Nợ ngắn hạn': 421870000000.0, 'Tổng nợ': 432730000000.0, 'Vốn chủ sở hữu': 1745390000000.0}, 'period__0': 'quarter', 'year__0': 2024, 'quarter__0': 4, 'symbol__1': 'NTL', 'data__1': {'Tổng tài sản lưu động ngắn hạn': 1912210000000.0, 'Tổng tài sản': 1971080000000.0, 'Nợ ngắn hạn': 195940000000.0, 'Tổng nợ': 206800000000.0, 'Vốn chủ sở hữu': 1764280000000.0}, 'period__1': 'quarter', 'year__1': 2025, 'quarter__1': 1, 'symbol__2': 'NTL', 'data__2': {'Tổng tài sản lưu động ngắn hạn': 1900480000000.0, 'Tổng tài sản': 1957790000000.0, 'Nợ ngắn hạn': 224120000000.0, 'Tổng nợ': 234980000000.0, 'Vốn chủ sở hữu': 1722810000000.0}, 'period__2': 'quarter', 'year__2': 2025, 'quarter__2': 2, 'symbol__3': 'NTL', 'data__3': {'Tổng tài sản lưu động ngắn hạn': 1921040000000.0, 'Tổng tài sản': 1977240000000.0, 'Nợ ngắn hạn': 231760000000.0, 'Tổng nợ': 242620000000.0, 'Vốn chủ sở hữu': 1735040000000.0}, 'period__3': 'quarter', 'year__3': 2025, 'quarter__3': 3}]
(Background on this error at: https://sqlalche.me/e/20/f405) (Background on this error at: https://sqlalche.me/e/20/7s2a)
2026-01-21 14:45:46,098 - vnstock_crawler - ERROR - Error in _save_ratios: This Session's transaction has been rolled back due to a previous exception during flush. To begin a new transaction with this Session, first issue Session.rollback(). Original exception was: (psycopg2.ProgrammingError) can't adapt type 'dict'
[SQL: INSERT INTO balance_sheets (symbol, period, year, quarter, data) SELECT p0::VARCHAR, p1::VARCHAR, p2::INTEGER, p3::INTEGER, p4::TEXT FROM (VALUES (%(symbol__0)s, %(period__0)s, %(year__0)s, %(quarter__0)s, %(data__0)s, 0), (%(symbol__1)s, %(period__1 ... 251 characters truncated ... ER BY sen_counter RETURNING balance_sheets.id, balance_sheets.created_at, balance_sheets.id AS id__1]
[parameters: {'symbol__0': 'NTL', 'data__0': {'Tổng tài sản lưu động ngắn hạn': 2117850000000.0, 'Tổng tài sản': 2178120000000.0, 'Nợ ngắn hạn': 421870000000.0, 'Tổng nợ': 432730000000.0, 'Vốn chủ sở hữu': 1745390000000.0}, 'period__0': 'quarter', 'year__0': 2024, 'quarter__0': 4, 'symbol__1': 'NTL', 'data__1': {'Tổng tài sản lưu động ngắn hạn': 1912210000000.0, 'Tổng tài sản': 1971080000000.0, 'Nợ ngắn hạn': 195940000000.0, 'Tổng nợ': 206800000000.0, 'Vốn chủ sở hữu': 1764280000000.0}, 'period__1': 'quarter', 'year__1': 2025, 'quarter__1': 1, 'symbol__2': 'NTL', 'data__2': {'Tổng tài sản lưu động ngắn hạn': 1900480000000.0, 'Tổng tài sản': 1957790000000.0, 'Nợ ngắn hạn': 224120000000.0, 'Tổng nợ': 234980000000.0, 'Vốn chủ sở hữu': 1722810000000.0}, 'period__2': 'quarter', 'year__2': 2025, 'quarter__2': 2, 'symbol__3': 'NTL', 'data__3': {'Tổng tài sản lưu động ngắn hạn': 1921040000000.0, 'Tổng tài sản': 1977240000000.0, 'Nợ ngắn hạn': 231760000000.0, 'Tổng nợ': 242620000000.0, 'Vốn chủ sở hữu': 1735040000000.0}, 'period__3': 'quarter', 'year__3': 2025, 'quarter__3': 3}]
(Background on this error at: https://sqlalche.me/e/20/f405) (Background on this error at: https://sqlalche.me/e/20/7s2a)
2026-01-21 14:45:46,099 - vnstock_crawler - ERROR - Error in _save_shareholders: This Session's transaction has been rolled back due to a previous exception during flush. To begin a new transaction with this Session, first issue Session.rollback(). Original exception was: (psycopg2.ProgrammingError) can't adapt type 'dict'
[SQL: INSERT INTO balance_sheets (symbol, period, year, quarter, data) SELECT p0::VARCHAR, p1::VARCHAR, p2::INTEGER, p3::INTEGER, p4::TEXT FROM (VALUES (%(symbol__0)s, %(period__0)s, %(year__0)s, %(quarter__0)s, %(data__0)s, 0), (%(symbol__1)s, %(period__1 ... 251 characters truncated ... ER BY sen_counter RETURNING balance_sheets.id, balance_sheets.created_at, balance_sheets.id AS id__1]
[parameters: {'symbol__0': 'NTL', 'data__0': {'Tổng tài sản lưu động ngắn hạn': 2117850000000.0, 'Tổng tài sản': 2178120000000.0, 'Nợ ngắn hạn': 421870000000.0, 'Tổng nợ': 432730000000.0, 'Vốn chủ sở hữu': 1745390000000.0}, 'period__0': 'quarter', 'year__0': 2024, 'quarter__0': 4, 'symbol__1': 'NTL', 'data__1': {'Tổng tài sản lưu động ngắn hạn': 1912210000000.0, 'Tổng tài sản': 1971080000000.0, 'Nợ ngắn hạn': 195940000000.0, 'Tổng nợ': 206800000000.0, 'Vốn chủ sở hữu': 1764280000000.0}, 'period__1': 'quarter', 'year__1': 2025, 'quarter__1': 1, 'symbol__2': 'NTL', 'data__2': {'Tổng tài sản lưu động ngắn hạn': 1900480000000.0, 'Tổng tài sản': 1957790000000.0, 'Nợ ngắn hạn': 224120000000.0, 'Tổng nợ': 234980000000.0, 'Vốn chủ sở hữu': 1722810000000.0}, 'period__2': 'quarter', 'year__2': 2025, 'quarter__2': 2, 'symbol__3': 'NTL', 'data__3': {'Tổng tài sản lưu động ngắn hạn': 1921040000000.0, 'Tổng tài sản': 1977240000000.0, 'Nợ ngắn hạn': 231760000000.0, 'Tổng nợ': 242620000000.0, 'Vốn chủ sở hữu': 1735040000000.0}, 'period__3': 'quarter', 'year__3': 2025, 'quarter__3': 3}]
(Background on this error at: https://sqlalche.me/e/20/f405) (Background on this error at: https://sqlalche.me/e/20/7s2a)
2026-01-21 14:45:46,099 - vnstock_crawler - ERROR - Error in _save_insider_transactions: This Session's transaction has been rolled back due to a previous exception during flush. To begin a new transaction with this Session, first issue Session.rollback(). Original exception was: (psycopg2.ProgrammingError) can't adapt type 'dict'
[SQL: INSERT INTO balance_sheets (symbol, period, year, quarter, data) SELECT p0::VARCHAR, p1::VARCHAR, p2::INTEGER, p3::INTEGER, p4::TEXT FROM (VALUES (%(symbol__0)s, %(period__0)s, %(year__0)s, %(quarter__0)s, %(data__0)s, 0), (%(symbol__1)s, %(period__1 ... 251 characters truncated ... ER BY sen_counter RETURNING balance_sheets.id, balance_sheets.created_at, balance_sheets.id AS id__1]
[parameters: {'symbol__0': 'NTL', 'data__0': {'Tổng tài sản lưu động ngắn hạn': 2117850000000.0, 'Tổng tài sản': 2178120000000.0, 'Nợ ngắn hạn': 421870000000.0, 'Tổng nợ': 432730000000.0, 'Vốn chủ sở hữu': 1745390000000.0}, 'period__0': 'quarter', 'year__0': 2024, 'quarter__0': 4, 'symbol__1': 'NTL', 'data__1': {'Tổng tài sản lưu động ngắn hạn': 1912210000000.0, 'Tổng tài sản': 1971080000000.0, 'Nợ ngắn hạn': 195940000000.0, 'Tổng nợ': 206800000000.0, 'Vốn chủ sở hữu': 1764280000000.0}, 'period__1': 'quarter', 'year__1': 2025, 'quarter__1': 1, 'symbol__2': 'NTL', 'data__2': {'Tổng tài sản lưu động ngắn hạn': 1900480000000.0, 'Tổng tài sản': 1957790000000.0, 'Nợ ngắn hạn': 224120000000.0, 'Tổng nợ': 234980000000.0, 'Vốn chủ sở hữu': 1722810000000.0}, 'period__2': 'quarter', 'year__2': 2025, 'quarter__2': 2, 'symbol__3': 'NTL', 'data__3': {'Tổng tài sản lưu động ngắn hạn': 1921040000000.0, 'Tổng tài sản': 1977240000000.0, 'Nợ ngắn hạn': 231760000000.0, 'Tổng nợ': 242620000000.0, 'Vốn chủ sở hữu': 1735040000000.0}, 'period__3': 'quarter', 'year__3': 2025, 'quarter__3': 3}]
(Background on this error at: https://sqlalche.me/e/20/f405) (Background on this error at: https://sqlalche.me/e/20/7s2a)
2026-01-21 14:45:46,099 - vnstock_crawler - ERROR - Error in _save_foreign_transactions: This Session's transaction has been rolled back due to a previous exception during flush. To begin a new transaction with this Session, first issue Session.rollback(). Original exception was: (psycopg2.ProgrammingError) can't adapt type 'dict'
[SQL: INSERT INTO balance_sheets (symbol, period, year, quarter, data) SELECT p0::VARCHAR, p1::VARCHAR, p2::INTEGER, p3::INTEGER, p4::TEXT FROM (VALUES (%(symbol__0)s, %(period__0)s, %(year__0)s, %(quarter__0)s, %(data__0)s, 0), (%(symbol__1)s, %(period__1 ... 251 characters truncated ... ER BY sen_counter RETURNING balance_sheets.id, balance_sheets.created_at, balance_sheets.id AS id__1]
[parameters: {'symbol__0': 'NTL', 'data__0': {'Tổng tài sản lưu động ngắn hạn': 2117850000000.0, 'Tổng tài sản': 2178120000000.0, 'Nợ ngắn hạn': 421870000000.0, 'Tổng nợ': 432730000000.0, 'Vốn chủ sở hữu': 1745390000000.0}, 'period__0': 'quarter', 'year__0': 2024, 'quarter__0': 4, 'symbol__1': 'NTL', 'data__1': {'Tổng tài sản lưu động ngắn hạn': 1912210000000.0, 'Tổng tài sản': 1971080000000.0, 'Nợ ngắn hạn': 195940000000.0, 'Tổng nợ': 206800000000.0, 'Vốn chủ sở hữu': 1764280000000.0}, 'period__1': 'quarter', 'year__1': 2025, 'quarter__1': 1, 'symbol__2': 'NTL', 'data__2': {'Tổng tài sản lưu động ngắn hạn': 1900480000000.0, 'Tổng tài sản': 1957790000000.0, 'Nợ ngắn hạn': 224120000000.0, 'Tổng nợ': 234980000000.0, 'Vốn chủ sở hữu': 1722810000000.0}, 'period__2': 'quarter', 'year__2': 2025, 'quarter__2': 2, 'symbol__3': 'NTL', 'data__3': {'Tổng tài sản lưu động ngắn hạn': 1921040000000.0, 'Tổng tài sản': 1977240000000.0, 'Nợ ngắn hạn': 231760000000.0, 'Tổng nợ': 242620000000.0, 'Vốn chủ sở hữu': 1735040000000.0}, 'period__3': 'quarter', 'year__3': 2025, 'quarter__3': 3}]
(Background on this error at: https://sqlalche.me/e/20/f405) (Background on this error at: https://sqlalche.me/e/20/7s2a)
2026-01-21 14:50:58,401 - vnstock_crawler - ERROR - Error in _save_insider_transactions: (psycopg2.errors.DatetimeFieldOverflow) date/time field value out of range: "18/04/2025"
HINT:  Perhaps you need a different "datestyle" setting.

[SQL: INSERT INTO insider_transactions (symbol, date, insider_name, position, transaction_type, shares, price, value) SELECT p0::VARCHAR, p1::TIMESTAMP WITHOUT TIME ZONE, p2::VARCHAR, p3::VARCHAR, p4::VARCHAR, p5::FLOAT, p6::FLOAT, p7::FLOAT FROM (VALUES ( ... 2946 characters truncated ... RETURNING insider_transactions.id, insider_transactions.created_at, insider_transactions.id AS id__1]
[parameters: {'insider_name__0': 'Đinh Quang Chiến', 'price__0': None, 'transaction_type__0': 'Mua', 'date__0': '06/08/2025', 'symbol__0': 'NTL', 'position__0': 'Phó Chủ tịch HĐQT', 'shares__0': 2457700.0, 'value__0': None, 'insider_name__1': 'Lê Minh Tuân', 'price__1': None, 'transaction_type__1': 'Bán', 'date__1': '09/05/2025', 'symbol__1': 'NTL', 'position__1': 'Chủ tịch HĐQT', 'shares__1': 2000000.0, 'value__1': None, 'insider_name__2': 'Nguyễn Hồng Khiêm', 'price__2': None, 'transaction_type__2': 'Bán', 'date__2': '18/04/2025', 'symbol__2': 'NTL', 'position__2': 'Thành viên HĐQT', 'shares__2': 981900.0, 'value__2': None, 'insider_name__3': 'Nguyễn Văn Kha', 'price__3': None, 'transaction_type__3': 'Bán', 'date__3': '26/02/2025', 'symbol__3': 'NTL', 'position__3': 'Chủ tịch HĐQT', 'shares__3': 717920.0, 'value__3': None, 'insider_name__4': 'PYN Elite Fund (Non-Ucits)', 'price__4': None, 'transaction_type__4': 'Mua', 'date__4': '17/10/2024', 'symbol__4': 'NTL', 'position__4': None, 'shares__4': 3393700.0, 'value__4': None, 'insider_name__5': 'Nguyễn Hồng Khiêm', 'price__5': None, 'transaction_type__5': 'Bán', 'date__5': '12/11/2024', 'symbol__5': 'NTL', 'position__5': 'Phó Tổng GĐ', 'shares__5': 1972200.0, 'value__5': None, 'insider_name__6': 'PYN Elite Fund (Non-Ucits)', 'price__6': None ... 60 parameters truncated ... 'shares__13': 2573000.0, 'value__13': None, 'insider_name__14': 'Nguyễn Hồng Khiêm', 'price__14': None, 'transaction_type__14': 'Bán', 'date__14': '20/06/2024', 'symbol__14': 'NTL', 'position__14': 'Phó Tổng GĐ', 'shares__14': 662600.0, 'value__14': None, 'insider_name__15': 'Đỗ Thị Thu Hiền', 'price__15': None, 'transaction_type__15': 'Bán', 'date__15': '29/09/2023', 'symbol__15': 'NTL', 'position__15': 'Em Đỗ Huy Khải Kế toán trưởng', 'shares__15': 20500.0, 'value__15': None, 'insider_name__16': 'Nguyễn Thị Mai', 'price__16': None, 'transaction_type__16': 'Bán', 'date__16': '25/04/2022', 'symbol__16': 'NTL', 'position__16': 'Mẹ Đinh Đức Tiệp Phó Tổng GĐ', 'shares__16': 386600.0, 'value__16': None, 'insider_name__17': 'Đỗ Thị Thu Hiền', 'price__17': None, 'transaction_type__17': 'Mua', 'date__17': '26/01/2022', 'symbol__17': 'NTL', 'position__17': 'Em Đỗ Huy Khải Kế toán trưởng', 'shares__17': 73400.0, 'value__17': None, 'insider_name__18': 'Lê Minh Tuân', 'price__18': None, 'transaction_type__18': 'Mua', 'date__18': '27/01/2022', 'symbol__18': 'NTL', 'position__18': 'Kế toán trưởng', 'shares__18': 0.0, 'value__18': None, 'insider_name__19': 'Nguyễn Hồng Khiêm', 'price__19': None, 'transaction_type__19': 'Bán', 'date__19': '18/01/2022', 'symbol__19': 'NTL', 'position__19': 'Phó Tổng GĐ', 'shares__19': 108800.0, 'value__19': None}]
(Background on this error at: https://sqlalche.me/e/20/9h9h)
2026-01-21 14:50:58,402 - vnstock_crawler - ERROR - Error in _save_foreign_transactions: This Session's transaction has been rolled back due to a previous exception during flush. To begin a new transaction with this Session, first issue Session.rollback(). Original exception was: (psycopg2.errors.DatetimeFieldOverflow) date/time field value out of range: "18/04/2025"
HINT:  Perhaps you need a different "datestyle" setting.

[SQL: INSERT INTO insider_transactions (symbol, date, insider_name, position, transaction_type, shares, price, value) SELECT p0::VARCHAR, p1::TIMESTAMP WITHOUT TIME ZONE, p2::VARCHAR, p3::VARCHAR, p4::VARCHAR, p5::FLOAT, p6::FLOAT, p7::FLOAT FROM (VALUES ( ... 2946 characters truncated ... RETURNING insider_transactions.id, insider_transactions.created_at, insider_transactions.id AS id__1]
[parameters: {'insider_name__0': 'Đinh Quang Chiến', 'price__0': None, 'transaction_type__0': 'Mua', 'date__0': '06/08/2025', 'symbol__0': 'NTL', 'position__0': 'Phó Chủ tịch HĐQT', 'shares__0': 2457700.0, 'value__0': None, 'insider_name__1': 'Lê Minh Tuân', 'price__1': None, 'transaction_type__1': 'Bán', 'date__1': '09/05/2025', 'symbol__1': 'NTL', 'position__1': 'Chủ tịch HĐQT', 'shares__1': 2000000.0, 'value__1': None, 'insider_name__2': 'Nguyễn Hồng Khiêm', 'price__2': None, 'transaction_type__2': 'Bán', 'date__2': '18/04/2025', 'symbol__2': 'NTL', 'position__2': 'Thành viên HĐQT', 'shares__2': 981900.0, 'value__2': None, 'insider_name__3': 'Nguyễn Văn Kha', 'price__3': None, 'transaction_type__3': 'Bán', 'date__3': '26/02/2025', 'symbol__3': 'NTL', 'position__3': 'Chủ tịch HĐQT', 'shares__3': 717920.0, 'value__3': None, 'insider_name__4': 'PYN Elite Fund (Non-Ucits)', 'price__4': None, 'transaction_type__4': 'Mua', 'date__4': '17/10/2024', 'symbol__4': 'NTL', 'position__4': None, 'shares__4': 3393700.0, 'value__4': None, 'insider_name__5': 'Nguyễn Hồng Khiêm', 'price__5': None, 'transaction_type__5': 'Bán', 'date__5': '12/11/2024', 'symbol__5': 'NTL', 'position__5': 'Phó Tổng GĐ', 'shares__5': 1972200.0, 'value__5': None, 'insider_name__6': 'PYN Elite Fund (Non-Ucits)', 'price__6': None ... 60 parameters truncated ... 'shares__13': 2573000.0, 'value__13': None, 'insider_name__14': 'Nguyễn Hồng Khiêm', 'price__14': None, 'transaction_type__14': 'Bán', 'date__14': '20/06/2024', 'symbol__14': 'NTL', 'position__14': 'Phó Tổng GĐ', 'shares__14': 662600.0, 'value__14': None, 'insider_name__15': 'Đỗ Thị Thu Hiền', 'price__15': None, 'transaction_type__15': 'Bán', 'date__15': '29/09/2023', 'symbol__15': 'NTL', 'position__15': 'Em Đỗ Huy Khải Kế toán trưởng', 'shares__15': 20500.0, 'value__15': None, 'insider_name__16': 'Nguyễn Thị Mai', 'price__16': None, 'transaction_type__16': 'Bán', 'date__16': '25/04/2022', 'symbol__16': 'NTL', 'position__16': 'Mẹ Đinh Đức Tiệp Phó Tổng GĐ', 'shares__16': 386600.0, 'value__16': None, 'insider_name__17': 'Đỗ Thị Thu Hiền', 'price__17': None, 'transaction_type__17': 'Mua', 'date__17': '26/01/2022', 'symbol__17': 'NTL', 'position__17': 'Em Đỗ Huy Khải Kế toán trưởng', 'shares__17': 73400.0, 'value__17': None, 'insider_name__18': 'Lê Minh Tuân', 'price__18': None, 'transaction_type__18': 'Mua', 'date__18': '27/01/2022', 'symbol__18': 'NTL', 'position__18': 'Kế toán trưởng', 'shares__18': 0.0, 'value__18': None, 'insider_name__19': 'Nguyễn Hồng Khiêm', 'price__19': None, 'transaction_type__19': 'Bán', 'date__19': '18/01/2022', 'symbol__19': 'NTL', 'position__19': 'Phó Tổng GĐ', 'shares__19': 108800.0, 'value__19': None}]
(Background on this error at: https://sqlalche.me/e/20/9h9h) (Background on this error at: https://sqlalche.me/e/20/7s2a)
2026-01-21 14:53:56,997 - vnstock_crawler - ERROR - Error in _save_insider_transactions: time data '06/08/2025' does not match format '%d-%m-%Y'
2026-01-21 14:53:57,000 - vnstock_crawler - ERROR - Error in _save_foreign_transactions: time data '20/01/2026' does not match format '%d-%m-%Y'
2026-01-21 14:57:08,062 - vnstock_crawler - ERROR - Error in _save_insider_transactions: time data '2025-11-11' does not match format '%d/%m/%Y'
2026-01-21 14:57:08,063 - vnstock_crawler - ERROR - Error in _save_foreign_transactions: time data '2026-01-20' does not match format '%d/%m/%Y'
2026-01-21 15:40:29,705 - vnstock_crawler - WARNING - Error while fetching table for selector table#dataBusiness: 'NoneType' object has no attribute 'find_all'
